HomeWorkUnity/Temp/gradleOut/launcher/build/intermediates/manifest_merge_blame_file/release/manifest-merger-blame-release-report.txt
1<?xml version="1.0" encoding="utf-8"?>
2<!-- GENERATED BY UNITY. REMOVE THIS COMMENT TO PREVENT OVERWRITING WHEN EXPORTING AGAIN -->
3<manifest xmlns:android="http://schemas.android.com/apk/res/android"
4    package="com.WhiteSalamander.CuteGeumbi"
5    android:installLocation="preferExternal"
6    android:versionCode="1"
7    android:versionName="1.0" >
8
9    <uses-sdk
10        android:minSdkVersion="19"
10-->src\main\AndroidManifest.xml
11        android:targetSdkVersion="30" />
11-->src\main\AndroidManifest.xml
12
13    <supports-screens
13-->src\main\AndroidManifest.xml:4:3-163
14        android:anyDensity="true"
14-->src\main\AndroidManifest.xml:4:135-160
15        android:largeScreens="true"
15-->src\main\AndroidManifest.xml:4:78-105
16        android:normalScreens="true"
16-->src\main\AndroidManifest.xml:4:49-77
17        android:smallScreens="true"
17-->src\main\AndroidManifest.xml:4:21-48
18        android:xlargeScreens="true" />
18-->src\main\AndroidManifest.xml:4:106-134
19
20    <uses-feature android:glEsVersion="0x00030000" />
20-->[:unityLibrary] AndroidManifest.xml:13:5-54
20-->[:unityLibrary] AndroidManifest.xml:13:19-51
21    <uses-feature
21-->[:unityLibrary] AndroidManifest.xml:14:5-16:36
22        android:name="android.hardware.vulkan.version"
22-->[:unityLibrary] AndroidManifest.xml:15:9-55
23        android:required="false" />
23-->[:unityLibrary] AndroidManifest.xml:16:9-33
24    <uses-feature
24-->[:unityLibrary] AndroidManifest.xml:17:5-19:36
25        android:name="android.hardware.touchscreen"
25-->[:unityLibrary] AndroidManifest.xml:18:9-52
26        android:required="false" />
26-->[:unityLibrary] AndroidManifest.xml:19:9-33
27    <uses-feature
27-->[:unityLibrary] AndroidManifest.xml:20:5-22:36
28        android:name="android.hardware.touchscreen.multitouch"
28-->[:unityLibrary] AndroidManifest.xml:21:9-63
29        android:required="false" />
29-->[:unityLibrary] AndroidManifest.xml:22:9-33
30    <uses-feature
30-->[:unityLibrary] AndroidManifest.xml:23:5-25:36
31        android:name="android.hardware.touchscreen.multitouch.distinct"
31-->[:unityLibrary] AndroidManifest.xml:24:9-72
32        android:required="false" />
32-->[:unityLibrary] AndroidManifest.xml:25:9-33
33
34    <application
34-->src\main\AndroidManifest.xml:5:3-116
35        android:extractNativeLibs="true"
35-->src\main\AndroidManifest.xml:5:16-48
36        android:icon="@mipmap/app_icon"
36-->src\main\AndroidManifest.xml:5:82-113
37        android:label="@string/app_name" >
37-->src\main\AndroidManifest.xml:5:49-81
38        <activity
38-->[:unityLibrary] AndroidManifest.xml:28:9-51:20
39            android:name="com.unity3d.player.UnityPlayerActivity"
39-->[:unityLibrary] AndroidManifest.xml:29:13-66
40            android:configChanges="mcc|mnc|locale|touchscreen|keyboard|keyboardHidden|navigation|orientation|screenLayout|uiMode|screenSize|smallestScreenSize|fontScale|layoutDirection|density"
40-->[:unityLibrary] AndroidManifest.xml:30:13-194
41            android:hardwareAccelerated="false"
41-->[:unityLibrary] AndroidManifest.xml:31:13-48
42            android:launchMode="singleTask"
42-->[:unityLibrary] AndroidManifest.xml:32:13-44
43            android:resizeableActivity="false"
43-->[:unityLibrary] AndroidManifest.xml:33:13-47
44            android:screenOrientation="landscape"
44-->[:unityLibrary] AndroidManifest.xml:34:13-50
45            android:theme="@style/UnityThemeSelector" >
45-->[:unityLibrary] AndroidManifest.xml:35:13-54
46            <intent-filter>
46-->[:unityLibrary] AndroidManifest.xml:36:13-40:29
47                <action android:name="android.intent.action.MAIN" />
47-->[:unityLibrary] AndroidManifest.xml:37:17-69
47-->[:unityLibrary] AndroidManifest.xml:37:25-66
48
49                <category android:name="android.intent.category.LAUNCHER" />
49-->[:unityLibrary] AndroidManifest.xml:39:17-77
49-->[:unityLibrary] AndroidManifest.xml:39:27-74
50            </intent-filter>
51
52            <meta-data
52-->[:unityLibrary] AndroidManifest.xml:42:13-47:55
53                android:name="unityplayer.UnityActivity"
53-->[:unityLibrary] AndroidManifest.xml:43:17-57
54                android:allowBackup="false"
54-->[:unityLibrary] AndroidManifest.xml:44:17-44
55                android:fullBackupContent="false"
55-->[:unityLibrary] AndroidManifest.xml:45:17-50
56                android:value="true" />
56-->[:unityLibrary] AndroidManifest.xml:46:17-37
57            <meta-data
57-->[:unityLibrary] AndroidManifest.xml:48:13-50:40
58                android:name="android.notch_support"
58-->[:unityLibrary] AndroidManifest.xml:49:17-53
59                android:value="true" />
59-->[:unityLibrary] AndroidManifest.xml:50:17-37
60        </activity>
61
62        <meta-data
62-->[:unityLibrary] AndroidManifest.xml:53:9-55:33
63            android:name="unity.splash-mode"
63-->[:unityLibrary] AndroidManifest.xml:54:13-45
64            android:value="0" />
64-->[:unityLibrary] AndroidManifest.xml:55:13-30
65        <meta-data
65-->[:unityLibrary] AndroidManifest.xml:56:9-58:36
66            android:name="unity.splash-enable"
66-->[:unityLibrary] AndroidManifest.xml:57:13-47
67            android:value="True" />
67-->[:unityLibrary] AndroidManifest.xml:58:13-33
68        <meta-data
68-->[:unityLibrary] AndroidManifest.xml:59:9-61:37
69            android:name="unity.allow-resizable-window"
69-->[:unityLibrary] AndroidManifest.xml:60:13-56
70            android:value="False" />
70-->[:unityLibrary] AndroidManifest.xml:61:13-34
71        <meta-data
71-->[:unityLibrary] AndroidManifest.xml:62:9-64:50
72            android:name="notch.config"
72-->[:unityLibrary] AndroidManifest.xml:63:13-40
73            android:value="portrait|landscape" />
73-->[:unityLibrary] AndroidManifest.xml:64:13-47
74        <meta-data
74-->[:unityLibrary] AndroidManifest.xml:65:9-67:68
75            android:name="unity.build-id"
75-->[:unityLibrary] AndroidManifest.xml:66:13-42
76            android:value="239b197e-c31d-4a01-abeb-514df073cd28" />
76-->[:unityLibrary] AndroidManifest.xml:67:13-65
77    </application>
78
79</manifest>